c:\users\ksp6\documents\visual studio 2017\projects\ncrp-gibbs-sampler\ncrp-gibbs-sampler\x64\release\ncrp-gibbs-sampler.pch
c:\users\ksp6\documents\visual studio 2017\projects\ncrp-gibbs-sampler\ncrp-gibbs-sampler\x64\release\vc141.pdb
c:\users\ksp6\documents\visual studio 2017\projects\ncrp-gibbs-sampler\ncrp-gibbs-sampler\x64\release\stdafx.obj
c:\users\ksp6\documents\visual studio 2017\projects\ncrp-gibbs-sampler\ncrp-gibbs-sampler\x64\release\dllmain.obj
c:\users\ksp6\documents\visual studio 2017\projects\ncrp-gibbs-sampler\ncrp-gibbs-sampler\x64\release\gibbssampler.obj
c:\users\ksp6\documents\visual studio 2017\projects\ncrp-gibbs-sampler\ncrp-gibbs-sampler\x64\release\ncrp-gibbs-sampler.obj
c:\users\ksp6\documents\visual studio 2017\projects\ncrp-gibbs-sampler\ncrp-gibbs-sampler\x64\release\gaussian.obj
c:\users\ksp6\documents\visual studio 2017\projects\ncrp-gibbs-sampler\x64\release\ncrp-gibbs-sampler.mexw64
c:\users\ksp6\documents\visual studio 2017\projects\ncrp-gibbs-sampler\ncrp-gibbs-sampler\x64\release\ncrp-gibbs-sampler.mexw64.intermediate.manifest
c:\users\ksp6\documents\visual studio 2017\projects\ncrp-gibbs-sampler\x64\release\ncrp-gibbs-sampler.map
c:\users\ksp6\documents\visual studio 2017\projects\ncrp-gibbs-sampler\x64\release\ncrp-gibbs-sampler.pdb
c:\users\ksp6\documents\visual studio 2017\projects\ncrp-gibbs-sampler\ncrp-gibbs-sampler\x64\release\ncrp-gibbs-sampler.mexw64.manifest
c:\users\ksp6\documents\visual studio 2017\projects\ncrp-gibbs-sampler\x64\release\ncrp-gibbs-sampler.lib
c:\users\ksp6\documents\visual studio 2017\projects\ncrp-gibbs-sampler\x64\release\ncrp-gibbs-sampler.exp
c:\users\ksp6\documents\visual studio 2017\projects\ncrp-gibbs-sampler\x64\release\ncrp-gibbs-sampler.ipdb
c:\users\ksp6\documents\visual studio 2017\projects\ncrp-gibbs-sampler\x64\release\ncrp-gibbs-sampler.iobj
c:\users\ksp6\documents\visual studio 2017\projects\ncrp-gibbs-sampler\ncrp-gibbs-sampler\x64\release\ncrp-gib.e57b4fd4.tlog\cl.command.1.tlog
c:\users\ksp6\documents\visual studio 2017\projects\ncrp-gibbs-sampler\ncrp-gibbs-sampler\x64\release\ncrp-gib.e57b4fd4.tlog\cl.read.1.tlog
c:\users\ksp6\documents\visual studio 2017\projects\ncrp-gibbs-sampler\ncrp-gibbs-sampler\x64\release\ncrp-gib.e57b4fd4.tlog\cl.write.1.tlog
c:\users\ksp6\documents\visual studio 2017\projects\ncrp-gibbs-sampler\ncrp-gibbs-sampler\x64\release\ncrp-gib.e57b4fd4.tlog\link.command.1.tlog
c:\users\ksp6\documents\visual studio 2017\projects\ncrp-gibbs-sampler\ncrp-gibbs-sampler\x64\release\ncrp-gib.e57b4fd4.tlog\link.read.1.tlog
c:\users\ksp6\documents\visual studio 2017\projects\ncrp-gibbs-sampler\ncrp-gibbs-sampler\x64\release\ncrp-gib.e57b4fd4.tlog\link.write.1.tlog
c:\users\ksp6\documents\visual studio 2017\projects\ncrp-gibbs-sampler\ncrp-gibbs-sampler\x64\release\ncrp-gib.e57b4fd4.tlog\mt.command.1.tlog
c:\users\ksp6\documents\visual studio 2017\projects\ncrp-gibbs-sampler\ncrp-gibbs-sampler\x64\release\ncrp-gib.e57b4fd4.tlog\mt.read.1.tlog
c:\users\ksp6\documents\visual studio 2017\projects\ncrp-gibbs-sampler\ncrp-gibbs-sampler\x64\release\ncrp-gib.e57b4fd4.tlog\mt.write.1.tlog
c:\users\ksp6\documents\visual studio 2017\projects\ncrp-gibbs-sampler\ncrp-gibbs-sampler\x64\release\ncrp-gib.e57b4fd4.tlog\ncrp-gibbs-sampler.write.1u.tlog
