  GibbsSampler.cpp
CL : warning : detected 'min' and/or 'max' macros and undefined them;
CL : warning : you may wish to define NOMINMAX before including any windows header
c:\users\ksp6\documents\visual studio 2017\projects\ncrp-gibbs-sampler\ncrp-gibbs-sampler\gibbssampler.cpp(16): warning C4244: 'argument': conversion from 'double' to 'const arma::uword', possible loss of data
c:\users\ksp6\documents\visual studio 2017\projects\ncrp-gibbs-sampler\ncrp-gibbs-sampler\gibbssampler.cpp(17): warning C4244: 'argument': conversion from 'double' to 'const arma::uword', possible loss of data
c:\users\ksp6\documents\visual studio 2017\projects\ncrp-gibbs-sampler\ncrp-gibbs-sampler\gibbssampler.cpp(21): warning C4244: 'argument': conversion from 'double' to 'const arma::uword', possible loss of data
c:\users\ksp6\documents\visual studio 2017\projects\ncrp-gibbs-sampler\ncrp-gibbs-sampler\gibbssampler.cpp(23): warning C4244: 'argument': conversion from 'double' to 'const arma::uword', possible loss of data
c:\users\ksp6\documents\visual studio 2017\projects\ncrp-gibbs-sampler\ncrp-gibbs-sampler\gibbssampler.cpp(31): warning C4244: 'argument': conversion from 'double' to 'const arma::uword', possible loss of data
c:\users\ksp6\documents\visual studio 2017\projects\ncrp-gibbs-sampler\ncrp-gibbs-sampler\gibbssampler.cpp(32): warning C4244: 'argument': conversion from 'double' to 'const arma::uword', possible loss of data
c:\users\ksp6\documents\visual studio 2017\projects\ncrp-gibbs-sampler\ncrp-gibbs-sampler\gibbssampler.cpp(43): warning C4244: 'argument': conversion from 'double' to 'const arma::uword', possible loss of data
c:\users\ksp6\documents\visual studio 2017\projects\ncrp-gibbs-sampler\ncrp-gibbs-sampler\gibbssampler.cpp(44): warning C4244: 'argument': conversion from 'double' to 'const arma::uword', possible loss of data
c:\users\ksp6\documents\visual studio 2017\projects\ncrp-gibbs-sampler\ncrp-gibbs-sampler\gibbssampler.cpp(49): warning C4244: 'argument': conversion from 'double' to 'const arma::uword', possible loss of data
c:\users\ksp6\documents\visual studio 2017\projects\ncrp-gibbs-sampler\ncrp-gibbs-sampler\gibbssampler.cpp(50): warning C4244: 'argument': conversion from 'double' to 'const arma::uword', possible loss of data
c:\users\ksp6\documents\visual studio 2017\projects\ncrp-gibbs-sampler\ncrp-gibbs-sampler\gibbssampler.cpp(56): warning C4244: 'argument': conversion from 'double' to 'const arma::uword', possible loss of data
c:\users\ksp6\documents\visual studio 2017\projects\ncrp-gibbs-sampler\ncrp-gibbs-sampler\gibbssampler.cpp(59): warning C4244: 'argument': conversion from 'double' to 'const arma::uword', possible loss of data
c:\users\ksp6\documents\visual studio 2017\projects\ncrp-gibbs-sampler\ncrp-gibbs-sampler\gibbssampler.cpp(60): warning C4244: 'argument': conversion from 'double' to 'const arma::uword', possible loss of data
LINK : warning LNK4075: ignoring '/INCREMENTAL' due to '/PROFILE' specification
dllmain.obj : warning LNK4075: ignoring '/EDITANDCONTINUE' due to '/OPT:REF' specification
     Creating library c:\users\ksp6\documents\visual studio 2017\Projects\nCRP-Gibbs-Sampler\x64\Debug\nCRP-Gibbs-Sampler.lib and object c:\users\ksp6\documents\visual studio 2017\Projects\nCRP-Gibbs-Sampler\x64\Debug\nCRP-Gibbs-Sampler.exp
  nCRP-Gibbs-Sampler.vcxproj -> c:\users\ksp6\documents\visual studio 2017\Projects\nCRP-Gibbs-Sampler\x64\Debug\nCRP-Gibbs-Sampler.mexw64
  nCRP-Gibbs-Sampler.vcxproj -> c:\users\ksp6\documents\visual studio 2017\Projects\nCRP-Gibbs-Sampler\x64\Debug\nCRP-Gibbs-Sampler.pdb (Partial PDB)
